2019-07-10 11:21:38.121  [INFO ] : chrome浏览器启动
2019-07-10 11:21:38.132  [ERROR] : java.lang.NullPointerException
java.lang.NullPointerException: null
	at com.caseServer.UI.DataDrivenOfWeb.visitWeb(DataDrivenOfWeb.java:113) [bin/:?]
	at com.caseServer.excel.TestWebWithExcel.main(TestWebWithExcel.java:55) [bin/:?]
2019-07-10 11:21:43.149  [ERROR] : java.lang.NullPointerException
java.lang.NullPointerException: null
	at com.caseServer.UI.DataDrivenOfWeb.explicitlyWait(DataDrivenOfWeb.java:182) [bin/:?]
	at com.caseServer.UI.DataDrivenOfWeb.input(DataDrivenOfWeb.java:124) [bin/:?]
	at com.caseServer.excel.TestWebWithExcel.main(TestWebWithExcel.java:58) [bin/:?]
2019-07-10 11:21:43.151  [ERROR] : java.lang.NullPointerException
java.lang.NullPointerException: null
	at com.caseServer.UI.DataDrivenOfWeb.input(DataDrivenOfWeb.java:130) [bin/:?]
	at com.caseServer.excel.TestWebWithExcel.main(TestWebWithExcel.java:58) [bin/:?]
2019-07-10 11:25:08.382  [INFO ] : chrome浏览器启动
2019-07-10 11:25:29.460  [INFO ] : 访问http://192.168.12.241:8090/caseServer/login.action
2020-03-02 13:00:47.832  [INFO ] : chrome浏览器启动
2020-03-02 13:00:47.853  [ERROR] : java.lang.NullPointerException
java.lang.NullPointerException: null
	at com.caseServer.UI.KeywordOfWeb.visitWeb(KeywordOfWeb.java:88) [bin/:?]
	at com.caseServer.webtestcase.BingAnAdd.main(BingAnAdd.java:11) [bin/:?]
2020-03-02 13:00:52.872  [ERROR] : java.lang.NullPointerException
java.lang.NullPointerException: null
	at com.caseServer.UI.KeywordOfWeb.explicitlyWait(KeywordOfWeb.java:154) [bin/:?]
	at com.caseServer.UI.KeywordOfWeb.input(KeywordOfWeb.java:100) [bin/:?]
	at com.caseServer.webtestcase.BingAnAdd.main(BingAnAdd.java:13) [bin/:?]
2020-03-02 13:00:52.874  [ERROR] : java.lang.NullPointerException
java.lang.NullPointerException: null
	at com.caseServer.UI.KeywordOfWeb.input(KeywordOfWeb.java:105) [bin/:?]
	at com.caseServer.webtestcase.BingAnAdd.main(BingAnAdd.java:13) [bin/:?]
2020-03-02 13:07:19.589  [INFO ] : chrome浏览器启动
2020-03-02 13:07:19.601  [ERROR] : java.lang.NullPointerException
java.lang.NullPointerException: null
	at com.caseServer.UI.KeywordOfWeb.visitWeb(KeywordOfWeb.java:88) [bin/:?]
	at com.caseServer.webtestcase.BingAnAdd.main(BingAnAdd.java:11) [bin/:?]
2020-03-02 13:07:24.617  [ERROR] : java.lang.NullPointerException
java.lang.NullPointerException: null
	at com.caseServer.UI.KeywordOfWeb.explicitlyWait(KeywordOfWeb.java:154) [bin/:?]
	at com.caseServer.UI.KeywordOfWeb.input(KeywordOfWeb.java:100) [bin/:?]
	at com.caseServer.webtestcase.BingAnAdd.main(BingAnAdd.java:13) [bin/:?]
2020-03-02 13:07:24.619  [ERROR] : java.lang.NullPointerException
java.lang.NullPointerException: null
	at com.caseServer.UI.KeywordOfWeb.input(KeywordOfWeb.java:105) [bin/:?]
	at com.caseServer.webtestcase.BingAnAdd.main(BingAnAdd.java:13) [bin/:?]
2020-03-04 15:03:53.123  [INFO ] : chrome浏览器启动
2020-03-04 15:03:53.158  [ERROR] : java.lang.NullPointerException
java.lang.NullPointerException: null
	at com.caseServer.UI.DataDrivenOfWeb.visitWeb(DataDrivenOfWeb.java:113) [bin/:?]
	at com.caseServer.excel.TestWebWithExcel.main(TestWebWithExcel.java:55) [bin/:?]
2020-03-04 15:03:58.208  [ERROR] : java.lang.NullPointerException
java.lang.NullPointerException: null
	at com.caseServer.UI.DataDrivenOfWeb.explicitlyWait(DataDrivenOfWeb.java:182) [bin/:?]
	at com.caseServer.UI.DataDrivenOfWeb.input(DataDrivenOfWeb.java:124) [bin/:?]
	at com.caseServer.excel.TestWebWithExcel.main(TestWebWithExcel.java:58) [bin/:?]
2020-03-04 15:03:58.219  [ERROR] : java.lang.NullPointerException
java.lang.NullPointerException: null
	at com.caseServer.UI.DataDrivenOfWeb.input(DataDrivenOfWeb.java:130) [bin/:?]
	at com.caseServer.excel.TestWebWithExcel.main(TestWebWithExcel.java:58) [bin/:?]
2020-03-04 15:17:53.727  [INFO ] : chrome浏览器启动
2020-03-04 15:17:53.739  [ERROR] : java.lang.NullPointerException
java.lang.NullPointerException: null
	at com.caseServer.UI.DataDrivenOfWeb.visitWeb(DataDrivenOfWeb.java:113) [bin/:?]
	at com.caseServer.excel.TestWebWithExcel.main(TestWebWithExcel.java:55) [bin/:?]
2020-03-04 15:17:58.850  [ERROR] : java.lang.NullPointerException
java.lang.NullPointerException: null
	at com.caseServer.UI.DataDrivenOfWeb.explicitlyWait(DataDrivenOfWeb.java:182) [bin/:?]
	at com.caseServer.UI.DataDrivenOfWeb.input(DataDrivenOfWeb.java:124) [bin/:?]
	at com.caseServer.excel.TestWebWithExcel.main(TestWebWithExcel.java:58) [bin/:?]
2020-03-04 15:17:58.852  [ERROR] : java.lang.NullPointerException
java.lang.NullPointerException: null
	at com.caseServer.UI.DataDrivenOfWeb.input(DataDrivenOfWeb.java:130) [bin/:?]
	at com.caseServer.excel.TestWebWithExcel.main(TestWebWithExcel.java:58) [bin/:?]
2020-03-04 15:21:38.615  [INFO ] : chrome浏览器启动
2020-03-04 15:21:59.737  [INFO ] : 访问http://192.168.12.241:8090/caseServer/login.action
2020-03-04 15:23:55.769  [INFO ] : chrome浏览器启动
2020-03-04 15:23:56.163  [INFO ] : 访问http://10.158.5.246:8090/adviceAnalysis/views/login/login.jsp
2020-03-04 15:24:11.188  [ERROR] : org.openqa.selenium.TimeoutException: Expected condition failed: waiting for com.caseServer.UI.DataDrivenOfWeb$1@66629f63 (tried for 10 second(s) with 500 milliseconds interval)
org.openqa.selenium.TimeoutException: Expected condition failed: waiting for com.caseServer.UI.DataDrivenOfWeb$1@66629f63 (tried for 10 second(s) with 500 milliseconds interval)
	at com.caseServer.UI.DataDrivenOfWeb.explicitlyWait(DataDrivenOfWeb.java:182) [bin/:?]
	at com.caseServer.UI.DataDrivenOfWeb.input(DataDrivenOfWeb.java:124) [bin/:?]
	at com.caseServer.excel.TestWebWithExcel.main(TestWebWithExcel.java:58) [bin/:?]
Caused by: org.openqa.selenium.NoSuchElementException: no such element: Unable to locate element: {"method":"xpath","selector":"//*[@id='username']"}
  (Session info: chrome=79.0.3945.88)
For documentation on this error, please visit: http://seleniumhq.org/exceptions/no_such_element.html
Build info: version: '3.14.0', revision: 'aacccce0', time: '2018-08-02T20:13:22.693Z'
System info: host: 'WIN-V76NIIANHEL', ip: '10.158.2.221', os.name: 'Windows 10', os.arch: 'amd64', os.version: '10.0', java.version: '1.8.0_181'
Driver info: org.openqa.selenium.chrome.ChromeDriver
Capabilities {acceptInsecureCerts: false, browserName: chrome, browserVersion: 79.0.3945.88, chrome: {chromedriverVersion: 79.0.3945.36 (3582db32b3389..., userDataDir: C:\Users\Administrator\AppD...}, goog:chromeOptions: {debuggerAddress: localhost:59919}, javascriptEnabled: true, networkConnectionEnabled: false, pageLoadStrategy: normal, platform: WINDOWS, platformName: WINDOWS, proxy: Proxy(), setWindowRect: true, strictFileInteractability: false, timeouts: {implicit: 0, pageLoad: 300000, script: 30000}, unhandledPromptBehavior: dismiss and notify}
Session ID: 4eeddafd36114c95c1c6649a4f132e41
*** Element info: {Using=xpath, value=//*[@id='username']}
	at sun.reflect.GeneratedConstructorAccessor27.newInstance(Unknown Source) ~[?:?]
	at sun.reflect.DelegatingConstructorAccessorImpl.newInstance(DelegatingConstructorAccessorImpl.java:45) ~[?:1.8.0_181]
	at java.lang.reflect.Constructor.newInstance(Constructor.java:423) ~[?:1.8.0_181]
	at org.openqa.selenium.remote.http.W3CHttpResponseCodec.createException(W3CHttpResponseCodec.java:187) ~[selenium-server-standalone-3.14.0.jar:9.4.8.v20180619]
	at org.openqa.selenium.remote.http.W3CHttpResponseCodec.decode(W3CHttpResponseCodec.java:122) ~[selenium-server-standalone-3.14.0.jar:9.4.8.v20180619]
	at org.openqa.selenium.remote.http.W3CHttpResponseCodec.decode(W3CHttpResponseCodec.java:49) ~[selenium-server-standalone-3.14.0.jar:9.4.8.v20180619]
	at org.openqa.selenium.remote.HttpCommandExecutor.execute(HttpCommandExecutor.java:158) ~[selenium-server-standalone-3.14.0.jar:9.4.8.v20180619]
	at org.openqa.selenium.remote.service.DriverCommandExecutor.execute(DriverCommandExecutor.java:83) ~[selenium-server-standalone-3.14.0.jar:9.4.8.v20180619]
	at org.openqa.selenium.remote.RemoteWebDriver.execute(RemoteWebDriver.java:548) ~[selenium-server-standalone-3.14.0.jar:9.4.8.v20180619]
	at org.openqa.selenium.remote.RemoteWebDriver.findElement(RemoteWebDriver.java:322) ~[selenium-server-standalone-3.14.0.jar:9.4.8.v20180619]
	at org.openqa.selenium.remote.RemoteWebDriver.findElementByXPath(RemoteWebDriver.java:424) ~[selenium-server-standalone-3.14.0.jar:9.4.8.v20180619]
	at org.openqa.selenium.By$ByXPath.findElement(By.java:353) ~[selenium-server-standalone-3.14.0.jar:9.4.8.v20180619]
	at org.openqa.selenium.remote.RemoteWebDriver.findElement(RemoteWebDriver.java:314) ~[selenium-server-standalone-3.14.0.jar:9.4.8.v20180619]
	at com.caseServer.UI.DataDrivenOfWeb$1.apply(DataDrivenOfWeb.java:178) ~[bin/:?]
	at com.caseServer.UI.DataDrivenOfWeb$1.apply(DataDrivenOfWeb.java:176) ~[bin/:?]
	at org.openqa.selenium.support.ui.FluentWait.until(FluentWait.java:260) ~[selenium-server-standalone-3.14.0.jar:9.4.8.v20180619]
	at com.caseServer.UI.DataDrivenOfWeb.explicitlyWait(DataDrivenOfWeb.java:176) ~[bin/:?]
	... 2 more
2020-03-04 15:24:11.219  [ERROR] : org.openqa.selenium.NoSuchElementException: no such element: Unable to locate element: {"method":"xpath","selector":"//*[@id='username']"}
  (Session info: chrome=79.0.3945.88)
For documentation on this error, please visit: http://seleniumhq.org/exceptions/no_such_element.html
Build info: version: '3.14.0', revision: 'aacccce0', time: '2018-08-02T20:13:22.693Z'
System info: host: 'WIN-V76NIIANHEL', ip: '10.158.2.221', os.name: 'Windows 10', os.arch: 'amd64', os.version: '10.0', java.version: '1.8.0_181'
Driver info: org.openqa.selenium.chrome.ChromeDriver
Capabilities {acceptInsecureCerts: false, browserName: chrome, browserVersion: 79.0.3945.88, chrome: {chromedriverVersion: 79.0.3945.36 (3582db32b3389..., userDataDir: C:\Users\Administrator\AppD...}, goog:chromeOptions: {debuggerAddress: localhost:59919}, javascriptEnabled: true, networkConnectionEnabled: false, pageLoadStrategy: normal, platform: WINDOWS, platformName: WINDOWS, proxy: Proxy(), setWindowRect: true, strictFileInteractability: false, timeouts: {implicit: 0, pageLoad: 300000, script: 30000}, unhandledPromptBehavior: dismiss and notify}
Session ID: 4eeddafd36114c95c1c6649a4f132e41
*** Element info: {Using=xpath, value=//*[@id='username']}
org.openqa.selenium.NoSuchElementException: no such element: Unable to locate element: {"method":"xpath","selector":"//*[@id='username']"}
  (Session info: chrome=79.0.3945.88)
For documentation on this error, please visit: http://seleniumhq.org/exceptions/no_such_element.html
Build info: version: '3.14.0', revision: 'aacccce0', time: '2018-08-02T20:13:22.693Z'
System info: host: 'WIN-V76NIIANHEL', ip: '10.158.2.221', os.name: 'Windows 10', os.arch: 'amd64', os.version: '10.0', java.version: '1.8.0_181'
Driver info: org.openqa.selenium.chrome.ChromeDriver
Capabilities {acceptInsecureCerts: false, browserName: chrome, browserVersion: 79.0.3945.88, chrome: {chromedriverVersion: 79.0.3945.36 (3582db32b3389..., userDataDir: C:\Users\Administrator\AppD...}, goog:chromeOptions: {debuggerAddress: localhost:59919}, javascriptEnabled: true, networkConnectionEnabled: false, pageLoadStrategy: normal, platform: WINDOWS, platformName: WINDOWS, proxy: Proxy(), setWindowRect: true, strictFileInteractability: false, timeouts: {implicit: 0, pageLoad: 300000, script: 30000}, unhandledPromptBehavior: dismiss and notify}
Session ID: 4eeddafd36114c95c1c6649a4f132e41
*** Element info: {Using=xpath, value=//*[@id='username']}
	at com.caseServer.UI.DataDrivenOfWeb.input(DataDrivenOfWeb.java:130) [bin/:?]
	at com.caseServer.excel.TestWebWithExcel.main(TestWebWithExcel.java:58) [bin/:?]
2020-03-04 15:24:21.933  [ERROR] : org.openqa.selenium.TimeoutException: Expected condition failed: waiting for com.caseServer.UI.DataDrivenOfWeb$1@3277e499 (tried for 10 second(s) with 500 milliseconds interval)
org.openqa.selenium.TimeoutException: Expected condition failed: waiting for com.caseServer.UI.DataDrivenOfWeb$1@3277e499 (tried for 10 second(s) with 500 milliseconds interval)
	at com.caseServer.UI.DataDrivenOfWeb.explicitlyWait(DataDrivenOfWeb.java:182) [bin/:?]
	at com.caseServer.UI.DataDrivenOfWeb.input(DataDrivenOfWeb.java:124) [bin/:?]
	at com.caseServer.excel.TestWebWithExcel.main(TestWebWithExcel.java:58) [bin/:?]
Caused by: org.openqa.selenium.NoSuchElementException: no such element: Unable to locate element: {"method":"xpath","selector":"//*[@id='password']"}
  (Session info: chrome=79.0.3945.88)
For documentation on this error, please visit: http://seleniumhq.org/exceptions/no_such_element.html
Build info: version: '3.14.0', revision: 'aacccce0', time: '2018-08-02T20:13:22.693Z'
System info: host: 'WIN-V76NIIANHEL', ip: '10.158.2.221', os.name: 'Windows 10', os.arch: 'amd64', os.version: '10.0', java.version: '1.8.0_181'
Driver info: org.openqa.selenium.chrome.ChromeDriver
Capabilities {acceptInsecureCerts: false, browserName: chrome, browserVersion: 79.0.3945.88, chrome: {chromedriverVersion: 79.0.3945.36 (3582db32b3389..., userDataDir: C:\Users\Administrator\AppD...}, goog:chromeOptions: {debuggerAddress: localhost:59919}, javascriptEnabled: true, networkConnectionEnabled: false, pageLoadStrategy: normal, platform: WINDOWS, platformName: WINDOWS, proxy: Proxy(), setWindowRect: true, strictFileInteractability: false, timeouts: {implicit: 0, pageLoad: 300000, script: 30000}, unhandledPromptBehavior: dismiss and notify}
Session ID: 4eeddafd36114c95c1c6649a4f132e41
*** Element info: {Using=xpath, value=//*[@id='password']}
	at sun.reflect.GeneratedConstructorAccessor27.newInstance(Unknown Source) ~[?:?]
	at sun.reflect.DelegatingConstructorAccessorImpl.newInstance(DelegatingConstructorAccessorImpl.java:45) ~[?:1.8.0_181]
	at java.lang.reflect.Constructor.newInstance(Constructor.java:423) ~[?:1.8.0_181]
	at org.openqa.selenium.remote.http.W3CHttpResponseCodec.createException(W3CHttpResponseCodec.java:187) ~[selenium-server-standalone-3.14.0.jar:9.4.8.v20180619]
	at org.openqa.selenium.remote.http.W3CHttpResponseCodec.decode(W3CHttpResponseCodec.java:122) ~[selenium-server-standalone-3.14.0.jar:9.4.8.v20180619]
	at org.openqa.selenium.remote.http.W3CHttpResponseCodec.decode(W3CHttpResponseCodec.java:49) ~[selenium-server-standalone-3.14.0.jar:9.4.8.v20180619]
	at org.openqa.selenium.remote.HttpCommandExecutor.execute(HttpCommandExecutor.java:158) ~[selenium-server-standalone-3.14.0.jar:9.4.8.v20180619]
	at org.openqa.selenium.remote.service.DriverCommandExecutor.execute(DriverCommandExecutor.java:83) ~[selenium-server-standalone-3.14.0.jar:9.4.8.v20180619]
	at org.openqa.selenium.remote.RemoteWebDriver.execute(RemoteWebDriver.java:548) ~[selenium-server-standalone-3.14.0.jar:9.4.8.v20180619]
	at org.openqa.selenium.remote.RemoteWebDriver.findElement(RemoteWebDriver.java:322) ~[selenium-server-standalone-3.14.0.jar:9.4.8.v20180619]
	at org.openqa.selenium.remote.RemoteWebDriver.findElementByXPath(RemoteWebDriver.java:424) ~[selenium-server-standalone-3.14.0.jar:9.4.8.v20180619]
	at org.openqa.selenium.By$ByXPath.findElement(By.java:353) ~[selenium-server-standalone-3.14.0.jar:9.4.8.v20180619]
	at org.openqa.selenium.remote.RemoteWebDriver.findElement(RemoteWebDriver.java:314) ~[selenium-server-standalone-3.14.0.jar:9.4.8.v20180619]
	at com.caseServer.UI.DataDrivenOfWeb$1.apply(DataDrivenOfWeb.java:178) ~[bin/:?]
	at com.caseServer.UI.DataDrivenOfWeb$1.apply(DataDrivenOfWeb.java:176) ~[bin/:?]
	at org.openqa.selenium.support.ui.FluentWait.until(FluentWait.java:260) ~[selenium-server-standalone-3.14.0.jar:9.4.8.v20180619]
	at com.caseServer.UI.DataDrivenOfWeb.explicitlyWait(DataDrivenOfWeb.java:176) ~[bin/:?]
	... 2 more
2020-03-04 15:24:21.944  [ERROR] : org.openqa.selenium.NoSuchElementException: no such element: Unable to locate element: {"method":"xpath","selector":"//*[@id='password']"}
  (Session info: chrome=79.0.3945.88)
For documentation on this error, please visit: http://seleniumhq.org/exceptions/no_such_element.html
Build info: version: '3.14.0', revision: 'aacccce0', time: '2018-08-02T20:13:22.693Z'
System info: host: 'WIN-V76NIIANHEL', ip: '10.158.2.221', os.name: 'Windows 10', os.arch: 'amd64', os.version: '10.0', java.version: '1.8.0_181'
Driver info: org.openqa.selenium.chrome.ChromeDriver
Capabilities {acceptInsecureCerts: false, browserName: chrome, browserVersion: 79.0.3945.88, chrome: {chromedriverVersion: 79.0.3945.36 (3582db32b3389..., userDataDir: C:\Users\Administrator\AppD...}, goog:chromeOptions: {debuggerAddress: localhost:59919}, javascriptEnabled: true, networkConnectionEnabled: false, pageLoadStrategy: normal, platform: WINDOWS, platformName: WINDOWS, proxy: Proxy(), setWindowRect: true, strictFileInteractability: false, timeouts: {implicit: 0, pageLoad: 300000, script: 30000}, unhandledPromptBehavior: dismiss and notify}
Session ID: 4eeddafd36114c95c1c6649a4f132e41
*** Element info: {Using=xpath, value=//*[@id='password']}
org.openqa.selenium.NoSuchElementException: no such element: Unable to locate element: {"method":"xpath","selector":"//*[@id='password']"}
  (Session info: chrome=79.0.3945.88)
For documentation on this error, please visit: http://seleniumhq.org/exceptions/no_such_element.html
Build info: version: '3.14.0', revision: 'aacccce0', time: '2018-08-02T20:13:22.693Z'
System info: host: 'WIN-V76NIIANHEL', ip: '10.158.2.221', os.name: 'Windows 10', os.arch: 'amd64', os.version: '10.0', java.version: '1.8.0_181'
Driver info: org.openqa.selenium.chrome.ChromeDriver
Capabilities {acceptInsecureCerts: false, browserName: chrome, browserVersion: 79.0.3945.88, chrome: {chromedriverVersion: 79.0.3945.36 (3582db32b3389..., userDataDir: C:\Users\Administrator\AppD...}, goog:chromeOptions: {debuggerAddress: localhost:59919}, javascriptEnabled: true, networkConnectionEnabled: false, pageLoadStrategy: normal, platform: WINDOWS, platformName: WINDOWS, proxy: Proxy(), setWindowRect: true, strictFileInteractability: false, timeouts: {implicit: 0, pageLoad: 300000, script: 30000}, unhandledPromptBehavior: dismiss and notify}
Session ID: 4eeddafd36114c95c1c6649a4f132e41
*** Element info: {Using=xpath, value=//*[@id='password']}
	at com.caseServer.UI.DataDrivenOfWeb.input(DataDrivenOfWeb.java:130) [bin/:?]
	at com.caseServer.excel.TestWebWithExcel.main(TestWebWithExcel.java:58) [bin/:?]
